
*** Running vivado
    with args -log vio_file.vds -m64 -mode batch -messageDb vivado.pb -notrace -source vio_file.tcl


****** Vivado v2016.1 (64-bit)
  **** SW Build 1538259 on Fri Apr  8 15:45:27 MDT 2016
  **** IP Build 1537824 on Fri Apr  8 04:28:57 MDT 2016
    ** Copyright 1986-2016 Xilinx, Inc. All Rights Reserved.

source vio_file.tcl -notrace
Command: synth_design -top vio_file -part xc7a100tcsg324-1
Starting synth_design
Attempting to get a license for feature 'Synthesis' and/or device 'xc7a100t'
INFO: [Common 17-349] Got license for feature 'Synthesis' and/or device 'xc7a100t'
INFO: Launching helper process for spawning children vivado processes
INFO: Helper process launched with PID 1244 
---------------------------------------------------------------------------------
Starting RTL Elaboration : Time (s): cpu = 00:00:05 ; elapsed = 00:00:10 . Memory (MB): peak = 304.188 ; gain = 97.953
---------------------------------------------------------------------------------
INFO: [Synth 8-638] synthesizing module 'vio_file' [C:/Users/VLSI/Desktop/N150194/LUT4_da/LUT4_da.srcs/sources_1/new/vio_file.v:23]
INFO: [Synth 8-638] synthesizing module 'complex_multiplier' [C:/Users/VLSI/Desktop/N150194/LUT4_da/LUT4_da.srcs/sources_1/new/complex_multiplier.v:23]
INFO: [Synth 8-638] synthesizing module 'da' [C:/Users/VLSI/Desktop/N150194/LUT4_da/LUT4_da.srcs/sources_1/new/da.v:23]
INFO: [Synth 8-256] done synthesizing module 'da' (1#1) [C:/Users/VLSI/Desktop/N150194/LUT4_da/LUT4_da.srcs/sources_1/new/da.v:23]
INFO: [Synth 8-256] done synthesizing module 'complex_multiplier' (2#1) [C:/Users/VLSI/Desktop/N150194/LUT4_da/LUT4_da.srcs/sources_1/new/complex_multiplier.v:23]
INFO: [Synth 8-638] synthesizing module 'vio_0' [C:/Users/VLSI/Desktop/N150194/LUT4_da/LUT4_da.runs/synth_1/.Xil/Vivado-1840-DESKTOP-D8OTC32/realtime/vio_0_stub.v:6]
INFO: [Synth 8-256] done synthesizing module 'vio_0' (3#1) [C:/Users/VLSI/Desktop/N150194/LUT4_da/LUT4_da.runs/synth_1/.Xil/Vivado-1840-DESKTOP-D8OTC32/realtime/vio_0_stub.v:6]
INFO: [Synth 8-256] done synthesizing module 'vio_file' (4#1) [C:/Users/VLSI/Desktop/N150194/LUT4_da/LUT4_da.srcs/sources_1/new/vio_file.v:23]
---------------------------------------------------------------------------------
Finished RTL Elaboration : Time (s): cpu = 00:00:05 ; elapsed = 00:00:11 . Memory (MB): peak = 341.422 ; gain = 135.188
---------------------------------------------------------------------------------

Report Check Netlist: 
+------+------------------+-------+---------+-------+------------------+
|      |Item              |Errors |Warnings |Status |Description       |
+------+------------------+-------+---------+-------+------------------+
|1     |multi_driven_nets |      0|        0|Passed |Multi driven nets |
+------+------------------+-------+---------+-------+------------------+
---------------------------------------------------------------------------------
Finished RTL Optimization Phase 1 : Time (s): cpu = 00:00:06 ; elapsed = 00:00:11 . Memory (MB): peak = 341.422 ; gain = 135.188
---------------------------------------------------------------------------------
WARNING: [Project 1-486] Could not resolve non-primitive black box cell 'vio_0' instantiated as 'complex_multiplier' [C:/Users/VLSI/Desktop/N150194/LUT4_da/LUT4_da.srcs/sources_1/new/vio_file.v:29]
INFO: [Device 21-403] Loading part xc7a100tcsg324-1
INFO: [Project 1-570] Preparing netlist for logic optimization

Processing XDC Constraints
Initializing timing engine
Parsing XDC File [C:/Users/VLSI/Desktop/N150194/LUT4_da/LUT4_da.runs/synth_1/.Xil/Vivado-1840-DESKTOP-D8OTC32/dcp/vio_0_in_context.xdc] for cell 'complex_multiplier'
Finished Parsing XDC File [C:/Users/VLSI/Desktop/N150194/LUT4_da/LUT4_da.runs/synth_1/.Xil/Vivado-1840-DESKTOP-D8OTC32/dcp/vio_0_in_context.xdc] for cell 'complex_multiplier'
Parsing XDC File [C:/Users/VLSI/Desktop/N150194/LUT4_da/LUT4_da.srcs/constrs_1/new/lut4_da.xdc]
Finished Parsing XDC File [C:/Users/VLSI/Desktop/N150194/LUT4_da/LUT4_da.srcs/constrs_1/new/lut4_da.xdc]
INFO: [Project 1-236] Implementation specific constraints were found while reading constraint file [C:/Users/VLSI/Desktop/N150194/LUT4_da/LUT4_da.srcs/constrs_1/new/lut4_da.xdc]. These constraints will be ignored for synthesis but will be used in implementation. Impacted constraints are listed in the file [.Xil/vio_file_propImpl.xdc].
Resolution: To avoid this warning, move constraints listed in [.Xil/vio_file_propImpl.xdc] to another XDC file and exclude this new file from synthesis with the used_in_synthesis property (File Properties dialog in GUI) and re-run elaboration/synthesis.
Completed Processing XDC Constraints

INFO: [Project 1-111] Unisim Transformation Summary:
No Unisim elements were transformed.

Constraint Validation Runtime : Time (s): cpu = 00:00:00 ; elapsed = 00:00:00.011 . Memory (MB): peak = 641.980 ; gain = 0.000
---------------------------------------------------------------------------------
Finished Constraint Validation : Time (s): cpu = 00:00:13 ; elapsed = 00:01:00 . Memory (MB): peak = 641.980 ; gain = 435.746
---------------------------------------------------------------------------------
---------------------------------------------------------------------------------
Start Loading Part and Timing Information
---------------------------------------------------------------------------------
Loading part: xc7a100tcsg324-1
---------------------------------------------------------------------------------
Finished Loading Part and Timing Information : Time (s): cpu = 00:00:13 ; elapsed = 00:01:00 . Memory (MB): peak = 641.980 ; gain = 435.746
---------------------------------------------------------------------------------
---------------------------------------------------------------------------------
Start Applying 'set_property' XDC Constraints
---------------------------------------------------------------------------------
---------------------------------------------------------------------------------
Finished applying 'set_property' XDC Constraints : Time (s): cpu = 00:00:13 ; elapsed = 00:01:00 . Memory (MB): peak = 641.980 ; gain = 435.746
---------------------------------------------------------------------------------
---------------------------------------------------------------------------------
Finished RTL Optimization Phase 2 : Time (s): cpu = 00:00:13 ; elapsed = 00:01:00 . Memory (MB): peak = 641.980 ; gain = 435.746
---------------------------------------------------------------------------------

Report RTL Partitions: 
+-+--------------+------------+----------+
| |RTL Partition |Replication |Instances |
+-+--------------+------------+----------+
+-+--------------+------------+----------+
---------------------------------------------------------------------------------
Start RTL Component Statistics 
---------------------------------------------------------------------------------
Detailed RTL Component Info : 
+---Adders : 
	   2 Input     32 Bit       Adders := 49    
	   3 Input     32 Bit       Adders := 5     
	   2 Input      3 Bit       Adders := 4     
+---Registers : 
	               32 Bit    Registers := 8     
	                3 Bit    Registers := 4     
+---Muxes : 
	   2 Input      3 Bit        Muxes := 4     
---------------------------------------------------------------------------------
Finished RTL Component Statistics 
---------------------------------------------------------------------------------
---------------------------------------------------------------------------------
Start RTL Hierarchical Component Statistics 
---------------------------------------------------------------------------------
Hierarchical RTL Component report 
Module da 
Detailed RTL Component Info : 
+---Adders : 
	   2 Input     32 Bit       Adders := 12    
	   3 Input     32 Bit       Adders := 1     
	   2 Input      3 Bit       Adders := 1     
+---Registers : 
	               32 Bit    Registers := 2     
	                3 Bit    Registers := 1     
+---Muxes : 
	   2 Input      3 Bit        Muxes := 1     
Module complex_multiplier 
Detailed RTL Component Info : 
+---Adders : 
	   3 Input     32 Bit       Adders := 1     
	   2 Input     32 Bit       Adders := 1     
---------------------------------------------------------------------------------
Finished RTL Hierarchical Component Statistics
---------------------------------------------------------------------------------
---------------------------------------------------------------------------------
Start Part Resource Summary
---------------------------------------------------------------------------------
Part Resources:
DSPs: 240 (col length:80)
BRAMs: 270 (col length: RAMB18 80 RAMB36 40)
---------------------------------------------------------------------------------
Finished Part Resource Summary
---------------------------------------------------------------------------------
Start Parallel Synthesis Optimization  : Time (s): cpu = 00:00:13 ; elapsed = 00:01:01 . Memory (MB): peak = 641.980 ; gain = 435.746
---------------------------------------------------------------------------------
Start Cross Boundary Optimization
---------------------------------------------------------------------------------
---------------------------------------------------------------------------------
Finished Cross Boundary Optimization : Time (s): cpu = 00:00:14 ; elapsed = 00:01:01 . Memory (MB): peak = 641.980 ; gain = 435.746
---------------------------------------------------------------------------------
Finished Parallel Reinference  : Time (s): cpu = 00:00:14 ; elapsed = 00:01:01 . Memory (MB): peak = 641.980 ; gain = 435.746

Report RTL Partitions: 
+-+--------------+------------+----------+
| |RTL Partition |Replication |Instances |
+-+--------------+------------+----------+
+-+--------------+------------+----------+
---------------------------------------------------------------------------------
Start Area Optimization
---------------------------------------------------------------------------------
INFO: [Synth 8-3886] merging instance 'c1/d3/ACC_shift_reg[30]' (FDRE) to 'c1/d3/ACC_shift_reg[31]'
INFO: [Synth 8-3886] merging instance 'c1/d4/ACC_shift_reg[30]' (FDRE) to 'c1/d4/ACC_shift_reg[31]'
INFO: [Synth 8-3886] merging instance 'c1/d1/ACC_shift_reg[30]' (FDRE) to 'c1/d1/ACC_shift_reg[31]'
INFO: [Synth 8-3886] merging instance 'c1/d2/ACC_shift_reg[30]' (FDRE) to 'c1/d2/ACC_shift_reg[31]'
WARNING: [Synth 8-3332] Sequential element (d1/ACC_shift_reg[30]) is unused and will be removed from module complex_multiplier.
WARNING: [Synth 8-3332] Sequential element (d2/ACC_shift_reg[30]) is unused and will be removed from module complex_multiplier.
WARNING: [Synth 8-3332] Sequential element (d3/ACC_shift_reg[30]) is unused and will be removed from module complex_multiplier.
WARNING: [Synth 8-3332] Sequential element (d4/ACC_shift_reg[30]) is unused and will be removed from module complex_multiplier.
---------------------------------------------------------------------------------
Finished Area Optimization : Time (s): cpu = 00:00:17 ; elapsed = 00:01:07 . Memory (MB): peak = 641.980 ; gain = 435.746
---------------------------------------------------------------------------------
Finished Parallel Area Optimization  : Time (s): cpu = 00:00:17 ; elapsed = 00:01:07 . Memory (MB): peak = 641.980 ; gain = 435.746

Report RTL Partitions: 
+-+--------------+------------+----------+
| |RTL Partition |Replication |Instances |
+-+--------------+------------+----------+
+-+--------------+------------+----------+
---------------------------------------------------------------------------------
Start Timing Optimization
---------------------------------------------------------------------------------
---------------------------------------------------------------------------------
Start Applying XDC Timing Constraints
---------------------------------------------------------------------------------
---------------------------------------------------------------------------------
Finished Applying XDC Timing Constraints : Time (s): cpu = 00:00:25 ; elapsed = 00:01:15 . Memory (MB): peak = 658.855 ; gain = 452.621
---------------------------------------------------------------------------------
---------------------------------------------------------------------------------
Finished Timing Optimization : Time (s): cpu = 00:00:25 ; elapsed = 00:01:15 . Memory (MB): peak = 659.820 ; gain = 453.586
---------------------------------------------------------------------------------

Report RTL Partitions: 
+-+--------------+------------+----------+
| |RTL Partition |Replication |Instances |
+-+--------------+------------+----------+
+-+--------------+------------+----------+
---------------------------------------------------------------------------------
Start Technology Mapping
---------------------------------------------------------------------------------
---------------------------------------------------------------------------------
Finished Technology Mapping : Time (s): cpu = 00:00:26 ; elapsed = 00:01:16 . Memory (MB): peak = 685.750 ; gain = 479.516
---------------------------------------------------------------------------------
Finished Parallel Technology Mapping Optimization  : Time (s): cpu = 00:00:26 ; elapsed = 00:01:16 . Memory (MB): peak = 685.750 ; gain = 479.516

Report RTL Partitions: 
+-+--------------+------------+----------+
| |RTL Partition |Replication |Instances |
+-+--------------+------------+----------+
+-+--------------+------------+----------+
Finished Parallel Synthesis Optimization  : Time (s): cpu = 00:00:26 ; elapsed = 00:01:16 . Memory (MB): peak = 685.750 ; gain = 479.516
---------------------------------------------------------------------------------
Start IO Insertion
---------------------------------------------------------------------------------
---------------------------------------------------------------------------------
Start Flattening Before IO Insertion
---------------------------------------------------------------------------------
---------------------------------------------------------------------------------
Finished Flattening Before IO Insertion
---------------------------------------------------------------------------------
---------------------------------------------------------------------------------
Start Final Netlist Cleanup
---------------------------------------------------------------------------------
---------------------------------------------------------------------------------
Finished Final Netlist Cleanup
---------------------------------------------------------------------------------
---------------------------------------------------------------------------------
Finished IO Insertion : Time (s): cpu = 00:00:26 ; elapsed = 00:01:16 . Memory (MB): peak = 685.750 ; gain = 479.516
---------------------------------------------------------------------------------

Report Check Netlist: 
+------+------------------+-------+---------+-------+------------------+
|      |Item              |Errors |Warnings |Status |Description       |
+------+------------------+-------+---------+-------+------------------+
|1     |multi_driven_nets |      0|        0|Passed |Multi driven nets |
+------+------------------+-------+---------+-------+------------------+
---------------------------------------------------------------------------------
Start Renaming Generated Instances
---------------------------------------------------------------------------------
---------------------------------------------------------------------------------
Finished Renaming Generated Instances : Time (s): cpu = 00:00:26 ; elapsed = 00:01:16 . Memory (MB): peak = 685.750 ; gain = 479.516
---------------------------------------------------------------------------------

Report RTL Partitions: 
+-+--------------+------------+----------+
| |RTL Partition |Replication |Instances |
+-+--------------+------------+----------+
+-+--------------+------------+----------+
---------------------------------------------------------------------------------
Start Rebuilding User Hierarchy
---------------------------------------------------------------------------------
---------------------------------------------------------------------------------
Finished Rebuilding User Hierarchy : Time (s): cpu = 00:00:26 ; elapsed = 00:01:16 . Memory (MB): peak = 685.750 ; gain = 479.516
---------------------------------------------------------------------------------
---------------------------------------------------------------------------------
Start Renaming Generated Ports
---------------------------------------------------------------------------------
---------------------------------------------------------------------------------
Finished Renaming Generated Ports : Time (s): cpu = 00:00:26 ; elapsed = 00:01:16 . Memory (MB): peak = 685.750 ; gain = 479.516
---------------------------------------------------------------------------------
---------------------------------------------------------------------------------
Start Handling Custom Attributes
---------------------------------------------------------------------------------
---------------------------------------------------------------------------------
Finished Handling Custom Attributes : Time (s): cpu = 00:00:26 ; elapsed = 00:01:16 . Memory (MB): peak = 685.750 ; gain = 479.516
---------------------------------------------------------------------------------
---------------------------------------------------------------------------------
Start Renaming Generated Nets
---------------------------------------------------------------------------------
---------------------------------------------------------------------------------
Finished Renaming Generated Nets : Time (s): cpu = 00:00:26 ; elapsed = 00:01:16 . Memory (MB): peak = 685.750 ; gain = 479.516
---------------------------------------------------------------------------------
---------------------------------------------------------------------------------
Start Writing Synthesis Report
---------------------------------------------------------------------------------

Report BlackBoxes: 
+------+--------------+----------+
|      |BlackBox name |Instances |
+------+--------------+----------+
|1     |vio_0         |         1|
+------+--------------+----------+

Report Cell Usage: 
+------+-------+------+
|      |Cell   |Count |
+------+-------+------+
|1     |vio_0  |     1|
|2     |BUFG   |     1|
|3     |CARRY4 |   432|
|4     |LUT2   |  1482|
|5     |LUT3   |    20|
|6     |LUT4   |     2|
|7     |LUT5   |   126|
|8     |LUT6   |   672|
|9     |MUXF7  |   144|
|10    |FDRE   |   264|
|11    |IBUF   |     1|
+------+-------+------+

Report Instance Areas: 
+------+---------+-------------------+------+
|      |Instance |Module             |Cells |
+------+---------+-------------------+------+
|1     |top      |                   |  3464|
|2     |  c1     |complex_multiplier |  3142|
|3     |    d1   |da                 |   803|
|4     |    d2   |da_0               |   763|
|5     |    d3   |da_1               |   793|
|6     |    d4   |da_2               |   753|
+------+---------+-------------------+------+
---------------------------------------------------------------------------------
Finished Writing Synthesis Report : Time (s): cpu = 00:00:26 ; elapsed = 00:01:16 . Memory (MB): peak = 685.750 ; gain = 479.516
---------------------------------------------------------------------------------
Synthesis finished with 0 errors, 0 critical warnings and 4 warnings.
Synthesis Optimization Runtime : Time (s): cpu = 00:00:17 ; elapsed = 00:00:24 . Memory (MB): peak = 685.750 ; gain = 150.367
Synthesis Optimization Complete : Time (s): cpu = 00:00:27 ; elapsed = 00:01:17 . Memory (MB): peak = 685.750 ; gain = 479.516
INFO: [Project 1-571] Translating synthesized netlist
INFO: [Netlist 29-17] Analyzing 433 Unisim elements for replacement
INFO: [Netlist 29-28] Unisim Transformation completed in 0 CPU seconds
INFO: [Project 1-570] Preparing netlist for logic optimization
INFO: [Opt 31-138] Pushed 0 inverter(s) to 0 load pin(s).
INFO: [Project 1-111] Unisim Transformation Summary:
No Unisim elements were transformed.

INFO: [Common 17-83] Releasing license: Synthesis
24 Infos, 5 Warnings, 0 Critical Warnings and 0 Errors encountered.
synth_design completed successfully
synth_design: Time (s): cpu = 00:00:27 ; elapsed = 00:01:13 . Memory (MB): peak = 685.750 ; gain = 454.613
report_utilization: Time (s): cpu = 00:00:00 ; elapsed = 00:00:00.040 . Memory (MB): peak = 685.750 ; gain = 0.000
INFO: [Common 17-206] Exiting Vivado at Sat Feb 08 10:21:03 2020...
